Arguments: 
  /usr/local/bin/node /usr/local/bin/yarn start

PATH: 
  /usr/bin:/bin:/usr/sbin:/sbin:/usr/local/bin:/Library/Frameworks/Mono.framework/Versions/Current/Commands:/Applications/Visual Studio Code.app/Contents/Resources/app/bin:/Applications/Visual Studio Code.app/Contents/Resources/app/bin:/Applications/Visual Studio Code.app/Contents/Resources/app/bin

Yarn version: 
  1.17.3

Node version: 
  10.16.0

Platform: 
  darwin x64

Trace: 
  Error: EACCES: permission denied, scandir '/Users/besjan/.config/yarn/link'

npm manifest: 
  {
    "name": "pwacamera",
    "version": "1.0.0",
    "main": "index.js",
    "repository": "git@github.com:besSejrani/PWA-Camera.git",
    "author": "Bes <sejrani.besjan@gmail.com>",
    "license": "MIT",
    "scripts": {
      "start": "webpack-dev-server --config webpack.dev.js --open",
      "build": "webpack --config webpack.prod.js"
    },
    "dependencies": {
      "materialize-css": "^1.0.0"
    },
    "devDependencies": {
      "@babel/core": "^7.5.5",
      "@babel/preset-env": "^7.5.5",
      "babel-loader": "^8.0.6",
      "clean-webpack-plugin": "^3.0.0",
      "css-loader": "^3.1.0",
      "file-loader": "^4.1.0",
      "html-loader": "^0.5.5",
      "html-webpack-plugin": "^3.2.0",
      "mini-css-extract-plugin": "^0.8.0",
      "node-sass": "^4.12.0",
      "opengraph-html-webpack-plugin": "^1.0.0",
      "optimize-css-assets-webpack-plugin": "^5.0.3",
      "purgecss-webpack-plugin": "^1.5.0",
      "sass-loader": "^7.1.0",
      "terser-webpack-plugin": "^1.3.0",
      "webpack": "^4.36.1",
      "webpack-cli": "^3.3.6",
      "webpack-dev-server": "^3.7.2"
    }
  }

yarn manifest: 
  No manifest

Lockfile: 
  No lockfile
